[2024-02-25 00:55:14,820: INFO: main: Welcome to our custom Logg]
[2024-02-25 02:36:19,791: INFO: common: yaml file: config/config.yaml loaded successfully]
[2024-02-25 02:36:19,797: INFO: common: yaml file: params.yaml loaded successfully]
[2024-02-25 02:37:34,360: INFO: common: yaml file: config/config.yaml loaded successfully]
[2024-02-25 02:37:34,365: INFO: common: yaml file: params.yaml loaded successfully]
[2024-02-25 02:43:40,723: INFO: common: yaml file: config/config.yaml loaded successfully]
[2024-02-25 02:43:40,726: INFO: common: yaml file: params.yaml loaded successfully]
[2024-02-25 02:55:09,372: INFO: common: yaml file: config/config.yaml loaded successfully]
[2024-02-25 02:55:09,378: INFO: common: yaml file: params.yaml loaded successfully]
[2024-02-25 02:55:09,383: INFO: common: created directory at: artifacts]
[2024-02-25 02:55:09,385: INFO: common: created directory at: artifacts/data_ingestion]
[2024-02-25 02:55:09,386: INFO: 986331348: Downloading data from https://drive.google.com/file/d/1dgBb6-pfdXyUczVXI-Y2cJkr9ycWuUQ7/view?usp=sharing into file artifacts/data_ingestion/data.zip]
[2024-02-25 02:56:11,147: INFO: 986331348: Downloaded data from https://drive.google.com/file/d/1dgBb6-pfdXyUczVXI-Y2cJkr9ycWuUQ7/view?usp=sharing into file artifacts/data_ingestion/data.zip]
[2024-02-25 03:28:48,246: INFO: main: >>>>>> stage Data Ingestion stage started <<<<<<]
[2024-02-25 03:28:48,247: INFO: common: yaml file: config/config.yaml loaded successfully]
[2024-02-25 03:28:48,250: INFO: common: yaml file: params.yaml loaded successfully]
[2024-02-25 03:28:48,251: INFO: common: created directory at: artifacts]
[2024-02-25 03:28:48,251: INFO: common: created directory at: artifacts/data_ingestion]
[2024-02-25 03:28:48,251: INFO: data_ingestion: Downloading data from https://drive.google.com/file/d/1dgBb6-pfdXyUczVXI-Y2cJkr9ycWuUQ7/view?usp=sharing into file artifacts/data_ingestion/data.zip]
[2024-02-25 03:29:35,074: INFO: data_ingestion: Downloaded data from https://drive.google.com/file/d/1dgBb6-pfdXyUczVXI-Y2cJkr9ycWuUQ7/view?usp=sharing into file artifacts/data_ingestion/data.zip]
[2024-02-25 03:29:46,329: INFO: main: >>>>>> stage Data Ingestion stage completed <<<<<<

x==========x]
[2024-02-25 14:09:32,896: INFO: main: >>>>>> stage Data Ingestion stage started <<<<<<]
[2024-02-25 14:09:32,898: INFO: common: yaml file: config/config.yaml loaded successfully]
[2024-02-25 14:09:32,901: INFO: common: yaml file: params.yaml loaded successfully]
[2024-02-25 14:09:32,901: INFO: common: created directory at: artifacts]
[2024-02-25 14:09:32,902: INFO: common: created directory at: artifacts/data_ingestion]
[2024-02-25 14:09:32,902: INFO: data_ingestion: Downloading data from https://drive.google.com/file/d/1dgBb6-pfdXyUczVXI-Y2cJkr9ycWuUQ7/view?usp=sharing into file artifacts/data_ingestion/data.zip]
[2024-02-25 14:10:58,141: INFO: data_ingestion: Downloaded data from https://drive.google.com/file/d/1dgBb6-pfdXyUczVXI-Y2cJkr9ycWuUQ7/view?usp=sharing into file artifacts/data_ingestion/data.zip]
[2024-02-26 21:45:07,541: INFO: utils: NumExpr defaulting to 8 threads.]
[2024-02-26 21:45:19,316: INFO: common: yaml file: config/config.yaml loaded successfully]
[2024-02-26 21:45:19,884: INFO: common: yaml file: params.yaml loaded successfully]
[2024-02-26 21:45:19,884: INFO: common: created directory at: artifacts]
[2024-02-26 21:45:19,885: INFO: common: created directory at: artifacts/prepare_base_model]
[2024-02-26 21:45:30,519: WARNING: saving_utils: Compiled the loaded model, but the compiled metrics have yet to be built. `model.compile_metrics` will be empty until you train or evaluate the model.]
[2024-02-26 21:45:30,650: WARNING: optimizer: At this time, the v2.11+ optimizer `tf.keras.optimizers.SGD` runs slowly on M1/M2 Macs, please use the legacy Keras optimizer instead, located at `tf.keras.optimizers.legacy.SGD`.]
[2024-02-26 22:39:12,663: INFO: utils: NumExpr defaulting to 8 threads.]
[2024-02-26 22:39:13,024: INFO: main: >>>>>> stage Data Ingestion stage started <<<<<<]
[2024-02-26 22:39:25,547: INFO: common: yaml file: config/config.yaml loaded successfully]
[2024-02-26 22:39:42,399: INFO: common: yaml file: params.yaml loaded successfully]
[2024-02-26 22:39:42,402: INFO: common: created directory at: artifacts]
[2024-02-26 22:39:42,402: INFO: common: created directory at: artifacts/data_ingestion]
[2024-02-26 22:39:42,402: INFO: data_ingestion: Downloading data from https://drive.google.com/file/d/1dgBb6-pfdXyUczVXI-Y2cJkr9ycWuUQ7/view?usp=sharing into file artifacts/data_ingestion/data.zip]
[2024-02-26 22:47:12,352: INFO: data_ingestion: Downloaded data from https://drive.google.com/file/d/1dgBb6-pfdXyUczVXI-Y2cJkr9ycWuUQ7/view?usp=sharing into file artifacts/data_ingestion/data.zip]
[2024-02-26 22:54:50,687: INFO: utils: NumExpr defaulting to 8 threads.]
[2024-02-26 22:57:29,436: ERROR: main: [Errno 60] Operation timed out: 'artifacts/data_ingestion/tumor_normal_kidney_disease_data/Tumor/Tumor- (1801).jpg']
Traceback (most recent call last):
  File "/Users/nathanwandji/Documents/GitHub/ML_in_prod_Final_project_final_version/main.py", line 11, in <module>
    data_ingestion.main()
  File "/Users/nathanwandji/Documents/GitHub/ML_in_prod_Final_project_final_version/src/cnnClassifier/pipeline/stage_01_data_ingestion.py", line 17, in main
    data_ingestion.extract_zip_file()
  File "/Users/nathanwandji/Documents/GitHub/ML_in_prod_Final_project_final_version/src/cnnClassifier/components/data_ingestion.py", line 46, in extract_zip_file
    zip_ref.extractall(unzip_path)
  File "/Users/nathanwandji/anaconda3/envs/reinforcement_learning_env/lib/python3.11/zipfile.py", line 1681, in extractall
    self._extract_member(zipinfo, path, pwd)
  File "/Users/nathanwandji/anaconda3/envs/reinforcement_learning_env/lib/python3.11/zipfile.py", line 1735, in _extract_member
    open(targetpath, "wb") as target:
    ^^^^^^^^^^^^^^^^^^^^^^
TimeoutError: [Errno 60] Operation timed out: 'artifacts/data_ingestion/tumor_normal_kidney_disease_data/Tumor/Tumor- (1801).jpg'
[2024-02-26 22:58:34,567: INFO: common: yaml file: config/config.yaml loaded successfully]
[2024-02-26 22:58:34,571: INFO: common: yaml file: params.yaml loaded successfully]
[2024-02-26 22:58:34,571: INFO: common: created directory at: artifacts]
[2024-02-26 22:58:34,572: INFO: common: created directory at: artifacts/training]
[2024-02-26 22:58:37,250: WARNING: optimizer: At this time, the v2.11+ optimizer `tf.keras.optimizers.SGD` runs slowly on M1/M2 Macs, please use the legacy Keras optimizer instead, located at `tf.keras.optimizers.legacy.SGD`.]
[2024-02-26 23:02:51,947: INFO: common: yaml file: config/config.yaml loaded successfully]
[2024-02-26 23:02:51,950: INFO: common: yaml file: params.yaml loaded successfully]
[2024-02-26 23:02:51,950: INFO: common: created directory at: artifacts]
[2024-02-26 23:02:51,951: INFO: common: created directory at: artifacts/training]
[2024-02-26 23:02:52,255: WARNING: optimizer: At this time, the v2.11+ optimizer `tf.keras.optimizers.SGD` runs slowly on M1/M2 Macs, please use the legacy Keras optimizer instead, located at `tf.keras.optimizers.legacy.SGD`.]
[2024-02-26 23:05:18,411: INFO: common: yaml file: config/config.yaml loaded successfully]
[2024-02-26 23:05:18,413: INFO: common: yaml file: params.yaml loaded successfully]
[2024-02-26 23:05:18,414: INFO: common: created directory at: artifacts]
[2024-02-26 23:05:18,415: INFO: common: created directory at: artifacts/training]
[2024-02-26 23:05:18,743: WARNING: optimizer: At this time, the v2.11+ optimizer `tf.keras.optimizers.SGD` runs slowly on M1/M2 Macs, please use the legacy Keras optimizer instead, located at `tf.keras.optimizers.legacy.SGD`.]
[2024-02-26 23:34:41,748: INFO: utils: NumExpr defaulting to 8 threads.]
[2024-02-26 23:34:42,202: INFO: common: yaml file: config/config.yaml loaded successfully]
[2024-02-26 23:34:42,206: INFO: common: yaml file: params.yaml loaded successfully]
[2024-02-26 23:34:42,210: INFO: common: created directory at: artifacts]
[2024-02-26 23:34:42,213: INFO: common: created directory at: artifacts/training]
[2024-02-26 23:34:42,513: WARNING: optimizer: At this time, the v2.11+ optimizer `tf.keras.optimizers.SGD` runs slowly on M1/M2 Macs, please use the legacy Keras optimizer instead, located at `tf.keras.optimizers.legacy.SGD`.]
[2024-02-26 23:35:10,180: INFO: utils: NumExpr defaulting to 8 threads.]
[2024-02-26 23:35:10,457: INFO: main: *******************]
[2024-02-26 23:35:10,457: INFO: main: >>>>>> stage Training started <<<<<<]
[2024-02-26 23:35:10,458: INFO: common: yaml file: config/config.yaml loaded successfully]
[2024-02-26 23:35:10,459: INFO: common: yaml file: params.yaml loaded successfully]
[2024-02-26 23:35:10,459: INFO: common: created directory at: artifacts]
[2024-02-26 23:35:10,459: INFO: common: created directory at: artifacts/training]
[2024-02-26 23:35:10,668: WARNING: optimizer: At this time, the v2.11+ optimizer `tf.keras.optimizers.SGD` runs slowly on M1/M2 Macs, please use the legacy Keras optimizer instead, located at `tf.keras.optimizers.legacy.SGD`.]
[2024-02-26 23:35:10,680: ERROR: main: [Errno 2] No such file or directory: 'artifacts/data_ingestion/kidney-ct-scan-image']
Traceback (most recent call last):
  File "/Users/nathanwandji/Documents/GitHub/ML_in_prod_Final_project_final_version/main.py", line 39, in <module>
    model_trainer.main()
  File "/Users/nathanwandji/Documents/GitHub/ML_in_prod_Final_project_final_version/src/cnnClassifier/pipeline/stage_03_model_training.py", line 20, in main
    training.train_valid_generator()
  File "/Users/nathanwandji/Documents/GitHub/ML_in_prod_Final_project_final_version/src/cnnClassifier/components/model_training.py", line 37, in train_valid_generator
    self.valid_generator = valid_datagenerator.flow_from_directory(
                           ^^^^^^^^^^^^^^^^^^^^^^^^^^^^^^^^^^^^^^^^
  File "/Users/nathanwandji/anaconda3/envs/reinforcement_learning_env/lib/python3.11/site-packages/keras/src/preprocessing/image.py", line 1649, in flow_from_directory
    return DirectoryIterator(
           ^^^^^^^^^^^^^^^^^^
  File "/Users/nathanwandji/anaconda3/envs/reinforcement_learning_env/lib/python3.11/site-packages/keras/src/preprocessing/image.py", line 563, in __init__
    for subdir in sorted(os.listdir(directory)):
                         ^^^^^^^^^^^^^^^^^^^^^
FileNotFoundError: [Errno 2] No such file or directory: 'artifacts/data_ingestion/kidney-ct-scan-image'
[2024-02-26 23:38:47,264: INFO: utils: NumExpr defaulting to 8 threads.]
[2024-02-26 23:38:47,605: INFO: main: *******************]
[2024-02-26 23:38:47,605: INFO: main: >>>>>> stage Training started <<<<<<]
[2024-02-26 23:38:47,606: INFO: common: yaml file: config/config.yaml loaded successfully]
[2024-02-26 23:38:47,607: INFO: common: yaml file: params.yaml loaded successfully]
[2024-02-26 23:38:47,607: INFO: common: created directory at: artifacts]
[2024-02-26 23:38:47,607: INFO: common: created directory at: artifacts/training]
[2024-02-26 23:38:47,849: WARNING: optimizer: At this time, the v2.11+ optimizer `tf.keras.optimizers.SGD` runs slowly on M1/M2 Macs, please use the legacy Keras optimizer instead, located at `tf.keras.optimizers.legacy.SGD`.]
[2024-02-26 23:40:11,664: INFO: utils: NumExpr defaulting to 8 threads.]
[2024-02-26 23:40:12,006: INFO: main: *******************]
[2024-02-26 23:40:12,006: INFO: main: >>>>>> stage Training started <<<<<<]
[2024-02-26 23:40:12,007: INFO: common: yaml file: config/config.yaml loaded successfully]
[2024-02-26 23:40:12,007: INFO: common: yaml file: params.yaml loaded successfully]
[2024-02-26 23:40:12,007: INFO: common: created directory at: artifacts]
[2024-02-26 23:40:12,007: INFO: common: created directory at: artifacts/training]
[2024-02-26 23:40:12,247: WARNING: optimizer: At this time, the v2.11+ optimizer `tf.keras.optimizers.SGD` runs slowly on M1/M2 Macs, please use the legacy Keras optimizer instead, located at `tf.keras.optimizers.legacy.SGD`.]
[2024-02-26 23:41:08,640: INFO: utils: NumExpr defaulting to 8 threads.]
[2024-02-26 23:41:08,909: INFO: main: *******************]
[2024-02-26 23:41:08,909: INFO: main: >>>>>> stage Training started <<<<<<]
[2024-02-26 23:41:08,909: INFO: common: yaml file: config/config.yaml loaded successfully]
[2024-02-26 23:41:08,910: INFO: common: yaml file: params.yaml loaded successfully]
[2024-02-26 23:41:08,910: INFO: common: created directory at: artifacts]
[2024-02-26 23:41:08,910: INFO: common: created directory at: artifacts/training]
[2024-02-26 23:41:09,115: WARNING: optimizer: At this time, the v2.11+ optimizer `tf.keras.optimizers.SGD` runs slowly on M1/M2 Macs, please use the legacy Keras optimizer instead, located at `tf.keras.optimizers.legacy.SGD`.]
[2024-02-27 00:42:40,056: INFO: utils: NumExpr defaulting to 8 threads.]
[2024-02-27 00:42:40,738: INFO: main: >>>>>> stage Data Ingestion stage started <<<<<<]
[2024-02-27 00:42:40,739: INFO: common: yaml file: config/config.yaml loaded successfully]
[2024-02-27 00:42:40,739: INFO: common: yaml file: params.yaml loaded successfully]
[2024-02-27 00:42:40,739: INFO: common: created directory at: artifacts]
[2024-02-27 00:42:40,739: INFO: common: created directory at: artifacts/data_ingestion]
[2024-02-27 00:42:40,739: INFO: data_ingestion: Downloading data from https://drive.google.com/file/d/1EEv0tuKQW_kgU-1cpAaeU7RLzgzUTPpf/view?usp=sharing into file artifacts/data_ingestion/data.zip]
[2024-02-27 00:42:41,272: ERROR: main: Failed to retrieve file url:

	Cannot retrieve the public link of the file. You may need to change
	the permission to 'Anyone with the link', or have had many accesses.
	Check FAQ in https://github.com/wkentaro/gdown?tab=readme-ov-file#faq.

You may still be able to access the file from the browser:

	https://drive.google.com/uc?/export=download&id=1EEv0tuKQW_kgU-1cpAaeU7RLzgzUTPpf

but Gdown can't. Please check connections and permissions.]
Traceback (most recent call last):
  File "/Users/nathanwandji/anaconda3/envs/reinforcement_learning_env/lib/python3.11/site-packages/gdown/download.py", line 253, in download
    url = get_url_from_gdrive_confirmation(res.text)
          ^^^^^^^^^^^^^^^^^^^^^^^^^^^^^^^^^^^^^^^^^^
  File "/Users/nathanwandji/anaconda3/envs/reinforcement_learning_env/lib/python3.11/site-packages/gdown/download.py", line 54, in get_url_from_gdrive_confirmation
    raise FileURLRetrievalError(
gdown.exceptions.FileURLRetrievalError: Cannot retrieve the public link of the file. You may need to change the permission to 'Anyone with the link', or have had many accesses. Check FAQ in https://github.com/wkentaro/gdown?tab=readme-ov-file#faq.

During handling of the above exception, another exception occurred:

Traceback (most recent call last):
  File "/Users/nathanwandji/Documents/GitHub/ML_in_prod_project_final_version/main.py", line 11, in <module>
    data_ingestion.main()
  File "/Users/nathanwandji/Documents/GitHub/ML_in_prod_project_final_version/src/cnnClassifier/pipeline/stage_01_data_ingestion.py", line 16, in main
    data_ingestion.download_file()
  File "/Users/nathanwandji/Documents/GitHub/ML_in_prod_project_final_version/src/cnnClassifier/components/data_ingestion.py", line 33, in download_file
    raise e
  File "/Users/nathanwandji/Documents/GitHub/ML_in_prod_project_final_version/src/cnnClassifier/components/data_ingestion.py", line 28, in download_file
    gdown.download(prefix+file_id,zip_download_dir)
  File "/Users/nathanwandji/anaconda3/envs/reinforcement_learning_env/lib/python3.11/site-packages/gdown/download.py", line 264, in download
    raise FileURLRetrievalError(message)
gdown.exceptions.FileURLRetrievalError: Failed to retrieve file url:

	Cannot retrieve the public link of the file. You may need to change
	the permission to 'Anyone with the link', or have had many accesses.
	Check FAQ in https://github.com/wkentaro/gdown?tab=readme-ov-file#faq.

You may still be able to access the file from the browser:

	https://drive.google.com/uc?/export=download&id=1EEv0tuKQW_kgU-1cpAaeU7RLzgzUTPpf

but Gdown can't. Please check connections and permissions.
[2024-02-27 00:43:04,166: INFO: utils: NumExpr defaulting to 8 threads.]
[2024-02-27 00:43:04,503: INFO: main: >>>>>> stage Data Ingestion stage started <<<<<<]
[2024-02-27 00:43:04,504: INFO: common: yaml file: config/config.yaml loaded successfully]
[2024-02-27 00:43:04,505: INFO: common: yaml file: params.yaml loaded successfully]
[2024-02-27 00:43:04,505: INFO: common: created directory at: artifacts]
[2024-02-27 00:43:04,505: INFO: common: created directory at: artifacts/data_ingestion]
[2024-02-27 00:43:04,505: INFO: data_ingestion: Downloading data from https://drive.google.com/file/d/1EEv0tuKQW_kgU-1cpAaeU7RLzgzUTPpf/view?usp=sharing into file artifacts/data_ingestion/data.zip]
[2024-02-27 00:43:08,554: INFO: data_ingestion: Downloaded data from https://drive.google.com/file/d/1EEv0tuKQW_kgU-1cpAaeU7RLzgzUTPpf/view?usp=sharing into file artifacts/data_ingestion/data.zip]
[2024-02-27 00:43:08,967: INFO: main: >>>>>> stage Data Ingestion stage completed <<<<<<

x==========x]
[2024-02-27 00:43:08,967: INFO: main: *******************]
[2024-02-27 00:43:08,967: INFO: main: >>>>>> stage Prepare base model started <<<<<<]
[2024-02-27 00:43:08,968: INFO: common: yaml file: config/config.yaml loaded successfully]
[2024-02-27 00:43:08,968: INFO: common: yaml file: params.yaml loaded successfully]
[2024-02-27 00:43:08,968: INFO: common: created directory at: artifacts]
[2024-02-27 00:43:08,968: INFO: common: created directory at: artifacts/prepare_base_model]
[2024-02-27 00:43:09,291: WARNING: saving_utils: Compiled the loaded model, but the compiled metrics have yet to be built. `model.compile_metrics` will be empty until you train or evaluate the model.]
[2024-02-27 00:43:09,507: WARNING: optimizer: At this time, the v2.11+ optimizer `tf.keras.optimizers.SGD` runs slowly on M1/M2 Macs, please use the legacy Keras optimizer instead, located at `tf.keras.optimizers.legacy.SGD`.]
[2024-02-27 00:43:09,726: INFO: main: >>>>>> stage Prepare base model completed <<<<<<

x==========x]
[2024-02-27 00:43:09,726: INFO: main: *******************]
[2024-02-27 00:43:09,726: INFO: main: >>>>>> stage Training started <<<<<<]
[2024-02-27 00:43:09,727: INFO: common: yaml file: config/config.yaml loaded successfully]
[2024-02-27 00:43:09,727: INFO: common: yaml file: params.yaml loaded successfully]
[2024-02-27 00:43:09,727: INFO: common: created directory at: artifacts]
[2024-02-27 00:43:09,727: INFO: common: created directory at: artifacts/training]
[2024-02-27 00:43:09,855: WARNING: optimizer: At this time, the v2.11+ optimizer `tf.keras.optimizers.SGD` runs slowly on M1/M2 Macs, please use the legacy Keras optimizer instead, located at `tf.keras.optimizers.legacy.SGD`.]
[2024-02-27 00:43:09,861: ERROR: main: [Errno 2] No such file or directory: 'artifacts/data_ingestion/tumor_normal_kidney_disease_data']
Traceback (most recent call last):
  File "/Users/nathanwandji/Documents/GitHub/ML_in_prod_project_final_version/main.py", line 37, in <module>
    model_trainer.main()
  File "/Users/nathanwandji/Documents/GitHub/ML_in_prod_project_final_version/src/cnnClassifier/pipeline/stage_03_model_training.py", line 20, in main
    training.train_valid_generator()
  File "/Users/nathanwandji/Documents/GitHub/ML_in_prod_project_final_version/src/cnnClassifier/components/model_training.py", line 37, in train_valid_generator
    self.valid_generator = valid_datagenerator.flow_from_directory(
                           ^^^^^^^^^^^^^^^^^^^^^^^^^^^^^^^^^^^^^^^^
  File "/Users/nathanwandji/anaconda3/envs/reinforcement_learning_env/lib/python3.11/site-packages/keras/src/preprocessing/image.py", line 1649, in flow_from_directory
    return DirectoryIterator(
           ^^^^^^^^^^^^^^^^^^
  File "/Users/nathanwandji/anaconda3/envs/reinforcement_learning_env/lib/python3.11/site-packages/keras/src/preprocessing/image.py", line 563, in __init__
    for subdir in sorted(os.listdir(directory)):
                         ^^^^^^^^^^^^^^^^^^^^^
FileNotFoundError: [Errno 2] No such file or directory: 'artifacts/data_ingestion/tumor_normal_kidney_disease_data'
[2024-02-27 00:45:02,518: INFO: common: yaml file: config/config.yaml loaded successfully]
[2024-02-27 00:45:02,524: INFO: common: yaml file: params.yaml loaded successfully]
[2024-02-27 00:45:02,525: INFO: common: created directory at: artifacts]
[2024-02-27 00:45:02,525: INFO: common: created directory at: artifacts/data_ingestion]
[2024-02-27 00:45:02,526: INFO: 986331348: Downloading data from https://drive.google.com/file/d/1EEv0tuKQW_kgU-1cpAaeU7RLzgzUTPpf/view?usp=sharing into file artifacts/data_ingestion/data.zip]
[2024-02-27 00:45:07,186: INFO: 986331348: Downloaded data from https://drive.google.com/file/d/1EEv0tuKQW_kgU-1cpAaeU7RLzgzUTPpf/view?usp=sharing into file artifacts/data_ingestion/data.zip]
[2024-02-27 00:45:18,281: INFO: utils: NumExpr defaulting to 8 threads.]
[2024-02-27 00:45:18,637: INFO: main: >>>>>> stage Data Ingestion stage started <<<<<<]
[2024-02-27 00:45:18,638: INFO: common: yaml file: config/config.yaml loaded successfully]
[2024-02-27 00:45:18,639: INFO: common: yaml file: params.yaml loaded successfully]
[2024-02-27 00:45:18,639: INFO: common: created directory at: artifacts]
[2024-02-27 00:45:18,639: INFO: common: created directory at: artifacts/data_ingestion]
[2024-02-27 00:45:18,639: INFO: data_ingestion: Downloading data from https://drive.google.com/file/d/1EEv0tuKQW_kgU-1cpAaeU7RLzgzUTPpf/view?usp=sharing into file artifacts/data_ingestion/data.zip]
[2024-02-27 00:45:22,035: INFO: data_ingestion: Downloaded data from https://drive.google.com/file/d/1EEv0tuKQW_kgU-1cpAaeU7RLzgzUTPpf/view?usp=sharing into file artifacts/data_ingestion/data.zip]
[2024-02-27 00:45:22,405: INFO: main: >>>>>> stage Data Ingestion stage completed <<<<<<

x==========x]
[2024-02-27 00:45:22,405: INFO: main: *******************]
[2024-02-27 00:45:22,405: INFO: main: >>>>>> stage Prepare base model started <<<<<<]
[2024-02-27 00:45:22,406: INFO: common: yaml file: config/config.yaml loaded successfully]
[2024-02-27 00:45:22,407: INFO: common: yaml file: params.yaml loaded successfully]
[2024-02-27 00:45:22,407: INFO: common: created directory at: artifacts]
[2024-02-27 00:45:22,407: INFO: common: created directory at: artifacts/prepare_base_model]
[2024-02-27 00:45:22,706: WARNING: saving_utils: Compiled the loaded model, but the compiled metrics have yet to be built. `model.compile_metrics` will be empty until you train or evaluate the model.]
[2024-02-27 00:45:22,898: WARNING: optimizer: At this time, the v2.11+ optimizer `tf.keras.optimizers.SGD` runs slowly on M1/M2 Macs, please use the legacy Keras optimizer instead, located at `tf.keras.optimizers.legacy.SGD`.]
[2024-02-27 00:45:23,071: INFO: main: >>>>>> stage Prepare base model completed <<<<<<

x==========x]
[2024-02-27 00:45:23,071: INFO: main: *******************]
[2024-02-27 00:45:23,071: INFO: main: >>>>>> stage Training started <<<<<<]
[2024-02-27 00:45:23,072: INFO: common: yaml file: config/config.yaml loaded successfully]
[2024-02-27 00:45:23,072: INFO: common: yaml file: params.yaml loaded successfully]
[2024-02-27 00:45:23,072: INFO: common: created directory at: artifacts]
[2024-02-27 00:45:23,072: INFO: common: created directory at: artifacts/training]
[2024-02-27 00:45:23,199: WARNING: optimizer: At this time, the v2.11+ optimizer `tf.keras.optimizers.SGD` runs slowly on M1/M2 Macs, please use the legacy Keras optimizer instead, located at `tf.keras.optimizers.legacy.SGD`.]
[2024-02-27 00:45:23,205: ERROR: main: [Errno 2] No such file or directory: 'artifacts/data_ingestion/tumor_normal_kidney_disease_data']
Traceback (most recent call last):
  File "/Users/nathanwandji/Documents/GitHub/ML_in_prod_project_final_version/main.py", line 37, in <module>
    model_trainer.main()
  File "/Users/nathanwandji/Documents/GitHub/ML_in_prod_project_final_version/src/cnnClassifier/pipeline/stage_03_model_training.py", line 20, in main
    training.train_valid_generator()
  File "/Users/nathanwandji/Documents/GitHub/ML_in_prod_project_final_version/src/cnnClassifier/components/model_training.py", line 37, in train_valid_generator
    self.valid_generator = valid_datagenerator.flow_from_directory(
                           ^^^^^^^^^^^^^^^^^^^^^^^^^^^^^^^^^^^^^^^^
  File "/Users/nathanwandji/anaconda3/envs/reinforcement_learning_env/lib/python3.11/site-packages/keras/src/preprocessing/image.py", line 1649, in flow_from_directory
    return DirectoryIterator(
           ^^^^^^^^^^^^^^^^^^
  File "/Users/nathanwandji/anaconda3/envs/reinforcement_learning_env/lib/python3.11/site-packages/keras/src/preprocessing/image.py", line 563, in __init__
    for subdir in sorted(os.listdir(directory)):
                         ^^^^^^^^^^^^^^^^^^^^^
FileNotFoundError: [Errno 2] No such file or directory: 'artifacts/data_ingestion/tumor_normal_kidney_disease_data'
[2024-02-27 00:46:45,602: INFO: utils: NumExpr defaulting to 8 threads.]
[2024-02-27 00:46:45,983: INFO: main: >>>>>> stage Data Ingestion stage started <<<<<<]
[2024-02-27 00:46:45,984: INFO: common: yaml file: config/config.yaml loaded successfully]
[2024-02-27 00:46:45,985: INFO: common: yaml file: params.yaml loaded successfully]
[2024-02-27 00:46:45,985: INFO: common: created directory at: artifacts]
[2024-02-27 00:46:45,985: INFO: common: created directory at: artifacts/data_ingestion]
[2024-02-27 00:46:45,985: INFO: data_ingestion: Downloading data from https://drive.google.com/file/d/1EEv0tuKQW_kgU-1cpAaeU7RLzgzUTPpf/view?usp=sharing into file artifacts/data_ingestion/data.zip]
[2024-02-27 00:46:49,350: INFO: data_ingestion: Downloaded data from https://drive.google.com/file/d/1EEv0tuKQW_kgU-1cpAaeU7RLzgzUTPpf/view?usp=sharing into file artifacts/data_ingestion/data.zip]
[2024-02-27 00:46:49,746: INFO: main: >>>>>> stage Data Ingestion stage completed <<<<<<

x==========x]
[2024-02-27 00:46:49,746: INFO: main: *******************]
[2024-02-27 00:46:49,746: INFO: main: >>>>>> stage Prepare base model started <<<<<<]
[2024-02-27 00:46:49,747: INFO: common: yaml file: config/config.yaml loaded successfully]
[2024-02-27 00:46:49,748: INFO: common: yaml file: params.yaml loaded successfully]
[2024-02-27 00:46:49,748: INFO: common: created directory at: artifacts]
[2024-02-27 00:46:49,748: INFO: common: created directory at: artifacts/prepare_base_model]
[2024-02-27 00:46:50,090: WARNING: saving_utils: Compiled the loaded model, but the compiled metrics have yet to be built. `model.compile_metrics` will be empty until you train or evaluate the model.]
[2024-02-27 00:46:50,358: WARNING: optimizer: At this time, the v2.11+ optimizer `tf.keras.optimizers.SGD` runs slowly on M1/M2 Macs, please use the legacy Keras optimizer instead, located at `tf.keras.optimizers.legacy.SGD`.]
[2024-02-27 00:46:50,533: INFO: main: >>>>>> stage Prepare base model completed <<<<<<

x==========x]
[2024-02-27 00:46:50,533: INFO: main: *******************]
[2024-02-27 00:46:50,533: INFO: main: >>>>>> stage Training started <<<<<<]
[2024-02-27 00:46:50,534: INFO: common: yaml file: config/config.yaml loaded successfully]
[2024-02-27 00:46:50,534: INFO: common: yaml file: params.yaml loaded successfully]
[2024-02-27 00:46:50,534: INFO: common: created directory at: artifacts]
[2024-02-27 00:46:50,534: INFO: common: created directory at: artifacts/training]
[2024-02-27 00:46:50,668: WARNING: optimizer: At this time, the v2.11+ optimizer `tf.keras.optimizers.SGD` runs slowly on M1/M2 Macs, please use the legacy Keras optimizer instead, located at `tf.keras.optimizers.legacy.SGD`.]
[2024-02-27 00:47:27,434: INFO: main: >>>>>> stage Training completed <<<<<<

x==========x]
[2024-02-27 00:47:55,937: INFO: utils: NumExpr defaulting to 8 threads.]
[2024-02-27 00:47:56,281: INFO: main: >>>>>> stage Data Ingestion stage started <<<<<<]
[2024-02-27 00:47:56,282: INFO: common: yaml file: config/config.yaml loaded successfully]
[2024-02-27 00:47:56,282: INFO: common: yaml file: params.yaml loaded successfully]
[2024-02-27 00:47:56,282: INFO: common: created directory at: artifacts]
[2024-02-27 00:47:56,282: INFO: common: created directory at: artifacts/data_ingestion]
[2024-02-27 00:47:56,282: INFO: data_ingestion: Downloading data from https://drive.google.com/file/d/1EEv0tuKQW_kgU-1cpAaeU7RLzgzUTPpf/view?usp=sharing into file artifacts/data_ingestion/data.zip]
[2024-02-27 00:48:00,802: INFO: data_ingestion: Downloaded data from https://drive.google.com/file/d/1EEv0tuKQW_kgU-1cpAaeU7RLzgzUTPpf/view?usp=sharing into file artifacts/data_ingestion/data.zip]
[2024-02-27 00:48:01,328: INFO: main: >>>>>> stage Data Ingestion stage completed <<<<<<

x==========x]
[2024-02-27 00:48:01,329: INFO: main: *******************]
[2024-02-27 00:48:01,329: INFO: main: >>>>>> stage Prepare base model started <<<<<<]
[2024-02-27 00:48:01,331: INFO: common: yaml file: config/config.yaml loaded successfully]
[2024-02-27 00:48:01,332: INFO: common: yaml file: params.yaml loaded successfully]
[2024-02-27 00:48:01,332: INFO: common: created directory at: artifacts]
[2024-02-27 00:48:01,332: INFO: common: created directory at: artifacts/prepare_base_model]
[2024-02-27 00:48:01,720: WARNING: saving_utils: Compiled the loaded model, but the compiled metrics have yet to be built. `model.compile_metrics` will be empty until you train or evaluate the model.]
[2024-02-27 00:48:01,912: WARNING: optimizer: At this time, the v2.11+ optimizer `tf.keras.optimizers.SGD` runs slowly on M1/M2 Macs, please use the legacy Keras optimizer instead, located at `tf.keras.optimizers.legacy.SGD`.]
[2024-02-27 00:48:02,087: INFO: main: >>>>>> stage Prepare base model completed <<<<<<

x==========x]
[2024-02-27 00:48:02,087: INFO: main: *******************]
[2024-02-27 00:48:02,087: INFO: main: >>>>>> stage Training started <<<<<<]
[2024-02-27 00:48:02,088: INFO: common: yaml file: config/config.yaml loaded successfully]
[2024-02-27 00:48:02,088: INFO: common: yaml file: params.yaml loaded successfully]
[2024-02-27 00:48:02,089: INFO: common: created directory at: artifacts]
[2024-02-27 00:48:02,089: INFO: common: created directory at: artifacts/training]
[2024-02-27 00:48:02,213: WARNING: optimizer: At this time, the v2.11+ optimizer `tf.keras.optimizers.SGD` runs slowly on M1/M2 Macs, please use the legacy Keras optimizer instead, located at `tf.keras.optimizers.legacy.SGD`.]
[2024-02-27 00:48:49,684: INFO: main: >>>>>> stage Training completed <<<<<<

x==========x]
[2024-02-27 01:06:08,528: INFO: utils: NumExpr defaulting to 8 threads.]
[2024-02-27 01:06:08,885: INFO: main: >>>>>> stage Data Ingestion stage started <<<<<<]
[2024-02-27 01:06:08,886: INFO: common: yaml file: config/config.yaml loaded successfully]
[2024-02-27 01:06:08,887: INFO: common: yaml file: params.yaml loaded successfully]
[2024-02-27 01:06:08,887: INFO: common: created directory at: artifacts]
[2024-02-27 01:06:08,887: INFO: common: created directory at: artifacts/data_ingestion]
[2024-02-27 01:06:08,887: INFO: data_ingestion: Downloading data from https://drive.google.com/file/d/1EEv0tuKQW_kgU-1cpAaeU7RLzgzUTPpf/view?usp=sharing into file artifacts/data_ingestion/data.zip]
[2024-02-27 01:06:13,090: INFO: data_ingestion: Downloaded data from https://drive.google.com/file/d/1EEv0tuKQW_kgU-1cpAaeU7RLzgzUTPpf/view?usp=sharing into file artifacts/data_ingestion/data.zip]
[2024-02-27 01:06:13,530: INFO: main: >>>>>> stage Data Ingestion stage completed <<<<<<

x==========x]
[2024-02-27 01:06:13,530: INFO: main: *******************]
[2024-02-27 01:06:13,530: INFO: main: >>>>>> stage Prepare base model started <<<<<<]
[2024-02-27 01:06:13,531: INFO: common: yaml file: config/config.yaml loaded successfully]
[2024-02-27 01:06:13,532: INFO: common: yaml file: params.yaml loaded successfully]
[2024-02-27 01:06:13,532: INFO: common: created directory at: artifacts]
[2024-02-27 01:06:13,532: INFO: common: created directory at: artifacts/prepare_base_model]
[2024-02-27 01:06:13,941: WARNING: saving_utils: Compiled the loaded model, but the compiled metrics have yet to be built. `model.compile_metrics` will be empty until you train or evaluate the model.]
[2024-02-27 01:06:14,153: WARNING: optimizer: At this time, the v2.11+ optimizer `tf.keras.optimizers.SGD` runs slowly on M1/M2 Macs, please use the legacy Keras optimizer instead, located at `tf.keras.optimizers.legacy.SGD`.]
[2024-02-27 01:06:14,328: INFO: main: >>>>>> stage Prepare base model completed <<<<<<

x==========x]
[2024-02-27 01:06:14,328: INFO: main: *******************]
[2024-02-27 01:06:14,328: INFO: main: >>>>>> stage Training started <<<<<<]
[2024-02-27 01:06:14,329: INFO: common: yaml file: config/config.yaml loaded successfully]
[2024-02-27 01:06:14,330: INFO: common: yaml file: params.yaml loaded successfully]
[2024-02-27 01:06:14,330: INFO: common: created directory at: artifacts]
[2024-02-27 01:06:14,330: INFO: common: created directory at: artifacts/training]
[2024-02-27 01:06:14,465: WARNING: optimizer: At this time, the v2.11+ optimizer `tf.keras.optimizers.SGD` runs slowly on M1/M2 Macs, please use the legacy Keras optimizer instead, located at `tf.keras.optimizers.legacy.SGD`.]
[2024-02-27 01:06:52,725: INFO: main: >>>>>> stage Training completed <<<<<<

x==========x]
[2024-02-27 01:07:03,902: INFO: utils: NumExpr defaulting to 8 threads.]
[2024-02-27 01:07:04,252: INFO: main: >>>>>> stage Data Ingestion stage started <<<<<<]
[2024-02-27 01:07:04,253: INFO: common: yaml file: config/config.yaml loaded successfully]
[2024-02-27 01:07:04,254: INFO: common: yaml file: params.yaml loaded successfully]
[2024-02-27 01:07:04,254: INFO: common: created directory at: artifacts]
[2024-02-27 01:07:04,254: INFO: common: created directory at: artifacts/data_ingestion]
[2024-02-27 01:07:04,254: INFO: data_ingestion: Downloading data from https://drive.google.com/file/d/1EEv0tuKQW_kgU-1cpAaeU7RLzgzUTPpf/view?usp=sharing into file artifacts/data_ingestion/data.zip]
[2024-02-27 01:07:07,870: INFO: data_ingestion: Downloaded data from https://drive.google.com/file/d/1EEv0tuKQW_kgU-1cpAaeU7RLzgzUTPpf/view?usp=sharing into file artifacts/data_ingestion/data.zip]
[2024-02-27 01:07:08,220: INFO: main: >>>>>> stage Data Ingestion stage completed <<<<<<

x==========x]
[2024-02-27 01:07:08,220: INFO: main: *******************]
[2024-02-27 01:07:08,220: INFO: main: >>>>>> stage Prepare base model started <<<<<<]
[2024-02-27 01:07:08,221: INFO: common: yaml file: config/config.yaml loaded successfully]
[2024-02-27 01:07:08,221: INFO: common: yaml file: params.yaml loaded successfully]
[2024-02-27 01:07:08,221: INFO: common: created directory at: artifacts]
[2024-02-27 01:07:08,221: INFO: common: created directory at: artifacts/prepare_base_model]
[2024-02-27 01:07:08,487: WARNING: saving_utils: Compiled the loaded model, but the compiled metrics have yet to be built. `model.compile_metrics` will be empty until you train or evaluate the model.]
[2024-02-27 01:07:08,620: WARNING: optimizer: At this time, the v2.11+ optimizer `tf.keras.optimizers.SGD` runs slowly on M1/M2 Macs, please use the legacy Keras optimizer instead, located at `tf.keras.optimizers.legacy.SGD`.]
[2024-02-27 01:07:08,786: INFO: main: >>>>>> stage Prepare base model completed <<<<<<

x==========x]
[2024-02-27 01:07:08,788: INFO: main: *******************]
[2024-02-27 01:07:08,788: INFO: main: >>>>>> stage Training started <<<<<<]
[2024-02-27 01:07:08,789: INFO: common: yaml file: config/config.yaml loaded successfully]
[2024-02-27 01:07:08,789: INFO: common: yaml file: params.yaml loaded successfully]
[2024-02-27 01:07:08,789: INFO: common: created directory at: artifacts]
[2024-02-27 01:07:08,790: INFO: common: created directory at: artifacts/training]
[2024-02-27 01:07:08,926: WARNING: optimizer: At this time, the v2.11+ optimizer `tf.keras.optimizers.SGD` runs slowly on M1/M2 Macs, please use the legacy Keras optimizer instead, located at `tf.keras.optimizers.legacy.SGD`.]
[2024-02-27 01:07:50,148: INFO: main: >>>>>> stage Training completed <<<<<<

x==========x]
[2024-02-27 01:09:08,878: INFO: utils: NumExpr defaulting to 8 threads.]
[2024-02-27 01:09:09,217: INFO: main: >>>>>> stage Data Ingestion stage started <<<<<<]
[2024-02-27 01:09:09,218: INFO: common: yaml file: config/config.yaml loaded successfully]
[2024-02-27 01:09:09,218: INFO: common: yaml file: params.yaml loaded successfully]
[2024-02-27 01:09:09,218: INFO: common: created directory at: artifacts]
[2024-02-27 01:09:09,218: INFO: common: created directory at: artifacts/data_ingestion]
[2024-02-27 01:09:09,218: INFO: data_ingestion: Downloading data from https://drive.google.com/file/d/1EEv0tuKQW_kgU-1cpAaeU7RLzgzUTPpf/view?usp=sharing into file artifacts/data_ingestion/data.zip]
[2024-02-27 01:09:12,465: INFO: data_ingestion: Downloaded data from https://drive.google.com/file/d/1EEv0tuKQW_kgU-1cpAaeU7RLzgzUTPpf/view?usp=sharing into file artifacts/data_ingestion/data.zip]
[2024-02-27 01:09:12,876: INFO: main: >>>>>> stage Data Ingestion stage completed <<<<<<

x==========x]
[2024-02-27 01:09:12,876: INFO: main: *******************]
[2024-02-27 01:09:12,876: INFO: main: >>>>>> stage Prepare base model started <<<<<<]
[2024-02-27 01:09:12,877: INFO: common: yaml file: config/config.yaml loaded successfully]
[2024-02-27 01:09:12,877: INFO: common: yaml file: params.yaml loaded successfully]
[2024-02-27 01:09:12,877: INFO: common: created directory at: artifacts]
[2024-02-27 01:09:12,877: INFO: common: created directory at: artifacts/prepare_base_model]
[2024-02-27 01:09:13,158: WARNING: saving_utils: Compiled the loaded model, but the compiled metrics have yet to be built. `model.compile_metrics` will be empty until you train or evaluate the model.]
[2024-02-27 01:09:13,283: WARNING: optimizer: At this time, the v2.11+ optimizer `tf.keras.optimizers.SGD` runs slowly on M1/M2 Macs, please use the legacy Keras optimizer instead, located at `tf.keras.optimizers.legacy.SGD`.]
[2024-02-27 01:09:13,395: INFO: main: >>>>>> stage Prepare base model completed <<<<<<

x==========x]
[2024-02-27 01:09:13,395: INFO: main: *******************]
[2024-02-27 01:09:13,395: INFO: main: >>>>>> stage Training started <<<<<<]
[2024-02-27 01:09:13,396: INFO: common: yaml file: config/config.yaml loaded successfully]
[2024-02-27 01:09:13,396: INFO: common: yaml file: params.yaml loaded successfully]
[2024-02-27 01:09:13,396: INFO: common: created directory at: artifacts]
[2024-02-27 01:09:13,396: INFO: common: created directory at: artifacts/training]
[2024-02-27 01:09:13,512: WARNING: optimizer: At this time, the v2.11+ optimizer `tf.keras.optimizers.SGD` runs slowly on M1/M2 Macs, please use the legacy Keras optimizer instead, located at `tf.keras.optimizers.legacy.SGD`.]
[2024-02-27 01:09:54,485: INFO: main: >>>>>> stage Training completed <<<<<<

x==========x]
[2024-02-27 11:00:14,631: INFO: utils: NumExpr defaulting to 8 threads.]
[2024-02-27 11:00:15,371: INFO: main: >>>>>> stage Data Ingestion stage started <<<<<<]
[2024-02-27 11:00:15,372: INFO: common: yaml file: config/config.yaml loaded successfully]
[2024-02-27 11:00:15,373: INFO: common: yaml file: params.yaml loaded successfully]
[2024-02-27 11:00:15,373: INFO: common: created directory at: artifacts]
[2024-02-27 11:00:15,373: INFO: common: created directory at: artifacts/data_ingestion]
[2024-02-27 11:00:15,373: INFO: data_ingestion: Downloading data from https://drive.google.com/file/d/1EEv0tuKQW_kgU-1cpAaeU7RLzgzUTPpf/view?usp=sharing into file artifacts/data_ingestion/data.zip]
[2024-02-27 11:00:19,930: INFO: data_ingestion: Downloaded data from https://drive.google.com/file/d/1EEv0tuKQW_kgU-1cpAaeU7RLzgzUTPpf/view?usp=sharing into file artifacts/data_ingestion/data.zip]
[2024-02-27 11:00:20,791: INFO: main: >>>>>> stage Data Ingestion stage completed <<<<<<

x==========x]
[2024-02-27 11:00:20,792: INFO: main: *******************]
[2024-02-27 11:00:20,792: INFO: main: >>>>>> stage Prepare base model started <<<<<<]
[2024-02-27 11:00:20,793: INFO: common: yaml file: config/config.yaml loaded successfully]
[2024-02-27 11:00:20,794: INFO: common: yaml file: params.yaml loaded successfully]
[2024-02-27 11:00:20,794: INFO: common: created directory at: artifacts]
[2024-02-27 11:00:20,794: INFO: common: created directory at: artifacts/prepare_base_model]
[2024-02-27 11:00:21,181: WARNING: saving_utils: Compiled the loaded model, but the compiled metrics have yet to be built. `model.compile_metrics` will be empty until you train or evaluate the model.]
[2024-02-27 11:00:21,440: WARNING: optimizer: At this time, the v2.11+ optimizer `tf.keras.optimizers.SGD` runs slowly on M1/M2 Macs, please use the legacy Keras optimizer instead, located at `tf.keras.optimizers.legacy.SGD`.]
[2024-02-27 11:00:21,592: INFO: main: >>>>>> stage Prepare base model completed <<<<<<

x==========x]
[2024-02-27 11:00:21,592: INFO: main: *******************]
[2024-02-27 11:00:21,592: INFO: main: >>>>>> stage Training started <<<<<<]
[2024-02-27 11:00:21,593: INFO: common: yaml file: config/config.yaml loaded successfully]
[2024-02-27 11:00:21,594: INFO: common: yaml file: params.yaml loaded successfully]
[2024-02-27 11:00:21,594: INFO: common: created directory at: artifacts]
[2024-02-27 11:00:21,594: INFO: common: created directory at: artifacts/training]
[2024-02-27 11:00:21,739: WARNING: optimizer: At this time, the v2.11+ optimizer `tf.keras.optimizers.SGD` runs slowly on M1/M2 Macs, please use the legacy Keras optimizer instead, located at `tf.keras.optimizers.legacy.SGD`.]
[2024-02-27 11:01:01,737: INFO: main: >>>>>> stage Training completed <<<<<<

x==========x]
[2024-02-27 11:01:01,737: INFO: main: *******************]
[2024-02-27 11:01:01,738: INFO: main: >>>>>> stage Evaluation stage started <<<<<<]
[2024-02-27 11:01:01,739: INFO: common: yaml file: config/config.yaml loaded successfully]
[2024-02-27 11:01:01,740: INFO: common: yaml file: params.yaml loaded successfully]
[2024-02-27 11:01:01,740: INFO: common: created directory at: artifacts]
[2024-02-27 11:01:01,864: WARNING: optimizer: At this time, the v2.11+ optimizer `tf.keras.optimizers.SGD` runs slowly on M1/M2 Macs, please use the legacy Keras optimizer instead, located at `tf.keras.optimizers.legacy.SGD`.]
[2024-02-27 11:01:14,952: INFO: common: json file saved at: scores.json]
[2024-02-27 11:01:14,953: INFO: common: json file saved at: scores.json]
[2024-02-27 11:01:14,953: INFO: main: >>>>>> stage Evaluation stage completed <<<<<<

x==========x]
[2024-02-27 11:02:16,959: INFO: utils: NumExpr defaulting to 8 threads.]
[2024-02-27 11:02:17,668: INFO: main: >>>>>> stage Data Ingestion stage started <<<<<<]
[2024-02-27 11:02:17,669: INFO: common: yaml file: config/config.yaml loaded successfully]
[2024-02-27 11:02:17,670: INFO: common: yaml file: params.yaml loaded successfully]
[2024-02-27 11:02:17,670: INFO: common: created directory at: artifacts]
[2024-02-27 11:02:17,670: INFO: common: created directory at: artifacts/data_ingestion]
[2024-02-27 11:02:17,670: INFO: data_ingestion: Downloading data from https://drive.google.com/file/d/1EEv0tuKQW_kgU-1cpAaeU7RLzgzUTPpf/view?usp=sharing into file artifacts/data_ingestion/data.zip]
[2024-02-27 11:02:21,956: INFO: data_ingestion: Downloaded data from https://drive.google.com/file/d/1EEv0tuKQW_kgU-1cpAaeU7RLzgzUTPpf/view?usp=sharing into file artifacts/data_ingestion/data.zip]
[2024-02-27 11:02:22,496: INFO: main: >>>>>> stage Data Ingestion stage completed <<<<<<

x==========x]
[2024-02-27 11:02:22,496: INFO: main: *******************]
[2024-02-27 11:02:22,496: INFO: main: >>>>>> stage Prepare base model started <<<<<<]
[2024-02-27 11:02:22,496: INFO: common: yaml file: config/config.yaml loaded successfully]
[2024-02-27 11:02:22,497: INFO: common: yaml file: params.yaml loaded successfully]
[2024-02-27 11:02:22,497: INFO: common: created directory at: artifacts]
[2024-02-27 11:02:22,497: INFO: common: created directory at: artifacts/prepare_base_model]
[2024-02-27 11:02:23,037: WARNING: saving_utils: Compiled the loaded model, but the compiled metrics have yet to be built. `model.compile_metrics` will be empty until you train or evaluate the model.]
[2024-02-27 11:02:23,501: WARNING: optimizer: At this time, the v2.11+ optimizer `tf.keras.optimizers.SGD` runs slowly on M1/M2 Macs, please use the legacy Keras optimizer instead, located at `tf.keras.optimizers.legacy.SGD`.]
[2024-02-27 11:02:23,692: INFO: main: >>>>>> stage Prepare base model completed <<<<<<

x==========x]
[2024-02-27 11:02:23,692: INFO: main: *******************]
[2024-02-27 11:02:23,692: INFO: main: >>>>>> stage Training started <<<<<<]
[2024-02-27 11:02:23,693: INFO: common: yaml file: config/config.yaml loaded successfully]
[2024-02-27 11:02:23,693: INFO: common: yaml file: params.yaml loaded successfully]
[2024-02-27 11:02:23,694: INFO: common: created directory at: artifacts]
[2024-02-27 11:02:23,694: INFO: common: created directory at: artifacts/training]
[2024-02-27 11:02:23,829: WARNING: optimizer: At this time, the v2.11+ optimizer `tf.keras.optimizers.SGD` runs slowly on M1/M2 Macs, please use the legacy Keras optimizer instead, located at `tf.keras.optimizers.legacy.SGD`.]
[2024-02-27 11:03:50,429: INFO: main: >>>>>> stage Training completed <<<<<<

x==========x]
[2024-02-27 11:03:50,430: INFO: main: *******************]
[2024-02-27 11:03:50,430: INFO: main: >>>>>> stage Evaluation stage started <<<<<<]
[2024-02-27 11:03:50,431: INFO: common: yaml file: config/config.yaml loaded successfully]
[2024-02-27 11:03:50,433: INFO: common: yaml file: params.yaml loaded successfully]
[2024-02-27 11:03:50,433: INFO: common: created directory at: artifacts]
[2024-02-27 11:03:50,579: WARNING: optimizer: At this time, the v2.11+ optimizer `tf.keras.optimizers.SGD` runs slowly on M1/M2 Macs, please use the legacy Keras optimizer instead, located at `tf.keras.optimizers.legacy.SGD`.]
[2024-02-27 11:04:06,897: INFO: common: json file saved at: scores.json]
[2024-02-27 11:04:06,897: INFO: common: json file saved at: scores.json]
[2024-02-27 11:04:06,898: INFO: main: >>>>>> stage Evaluation stage completed <<<<<<

x==========x]
